'SMaj.counting_lemma' depends on axioms: [propext, Classical.choice, Quot.sound]
'SMaj.side_count_le' depends on axioms: [propext, Classical.choice, Quot.sound]
'SMaj.card_row' depends on axioms: [propext, Classical.choice, Quot.sound]
'SMaj.disjoint_sides' depends on axioms: [propext, Classical.choice, Quot.sound]
'SMaj.master_coloring' depends on axioms: [propext, Classical.choice, Quot.sound]
'SMaj.master_of_inputs' depends on axioms: [propext, Classical.choice, Quot.sound]
'SMaj.corA_coloring' depends on axioms: [propext, Classical.choice, Quot.sound]
'SMaj.admissible_of_crit' depends on axioms: [propext, Classical.choice, Quot.sound]
'SMaj.hfun_anti' depends on axioms: [propext, Classical.choice, Quot.sound]
'SMaj.crit_of_crit_le' depends on axioms: [propext, Classical.choice, Quot.sound]
'SMaj.bad3_table' depends on axioms: [propext, Classical.choice, Quot.sound]
'SMaj.bad4_table' depends on axioms: [propext, Classical.choice, Quot.sound]
'SMaj.bad5_table' depends on axioms: [propext, Classical.choice, Quot.sound]
'SMaj.crit3_of_no24' depends on axioms: [propext, Quot.sound]
'SMaj.crit4_of_scope' depends on axioms: [propext, Classical.choice, Quot.sound]
'SMaj.crit5_of_scope' depends on axioms: [propext, Classical.choice, Quot.sound]
'SMaj.not_crit5_iff' depends on axioms: [propext, Classical.choice, Quot.sound]
'SMaj.not_crit_saturated' depends on axioms: [propext, Classical.choice, Quot.sound]
'SMaj.crit_admissible' depends on axioms: [propext, Classical.choice, Quot.sound]
'SMaj.g_R1' depends on axioms: [propext, Quot.sound]
'SMaj.crit4_of_ne_two' depends on axioms: [propext, Quot.sound]
'SMaj.g_R2' depends on axioms: [propext, Quot.sound]
'SMaj.g_R3' depends on axioms: [propext, Quot.sound]
'SMaj.g_R4' depends on axioms: [propext, Quot.sound]
'SMaj.g_R4_eq' does not depend on any axioms
'SMaj.exists_avoid' depends on axioms: [propext, Classical.choice, Quot.sound]
'SMaj.isFill_exists_of_four_le' depends on axioms: [propext, Classical.choice, Quot.sound]
'SMaj.isFill_exists' depends on axioms: [propext, Classical.choice, Quot.sound]
'SMaj.side_count_lt_own' depends on axioms: [propext, Classical.choice, Quot.sound]
'SMaj.side_eq_singleton_of_degree_two' depends on axioms: [propext, Classical.choice, Quot.sound]
'SMaj.count_singleton_le' depends on axioms: [propext, Quot.sound]
'SMaj.count_singleton_eq_zero' depends on axioms: [propext, Classical.choice, Quot.sound]
'SMaj.nColor_le_sides' depends on axioms: [propext, Classical.choice, Quot.sound]
'SMaj.twoChain_row_le' depends on axioms: [propext, Classical.choice, Quot.sound]
'SMaj.mem_satSet_iff' depends on axioms: [propext, Classical.choice, Quot.sound]
'SMaj.card_threshold_mul_le' depends on axioms: [propext, Classical.choice, Quot.sound]
'SMaj.card_satSet_le_two' depends on axioms: [propext, Classical.choice, Quot.sound]
'SMaj.satSet_eq_empty_of_ne' depends on axioms: [propext, Classical.choice, Quot.sound]
'SMaj.chainEnd_row_le' depends on axioms: [propext, Classical.choice, Quot.sound]
'SMaj.interior_row_le' depends on axioms: [propext, Classical.choice, Quot.sound]
'SMaj.l1_row_le' depends on axioms: [propext, Classical.choice, Quot.sound]
'SMaj.isMulticoloring_of_zero' depends on axioms: [propext, Quot.sound]
'SMaj.card_biUnion_eq_mdeg' depends on axioms: [propext, Classical.choice, Quot.sound]
'SMaj.decr_symm' depends on axioms: [propext, Classical.choice, Quot.sound]
'SMaj.decr_loopless' depends on axioms: [propext, Quot.sound]
'SMaj.mdeg_decr_le' depends on axioms: [propext, Classical.choice, Quot.sound]
'SMaj.mdeg_decr_lt_left' depends on axioms: [propext, Quot.sound]
'SMaj.mdeg_decr_lt_right' depends on axioms: [propext, Quot.sound]
'SMaj.exists_multicoloring_of_le' depends on axioms: [propext, Classical.choice, Quot.sound]
'SMaj.exists_seven_coloring_of_mdeg_le_four' depends on axioms: [propext, Classical.choice, Quot.sound]
'SMaj.exists_three_coloring_of_mdeg_le_two' depends on axioms: [propext, Classical.choice, Quot.sound]
'SMaj.disjoint_loEmb_hiEmb' depends on axioms: [propext, Classical.choice, Quot.sound]
'SMaj.disjoint_map_emb' depends on axioms: [propext, Classical.choice, Quot.sound]
'SMaj.IsMulticoloring.combine' depends on axioms: [propext, Classical.choice, Quot.sound]
'SMaj.shannon_six_of_split' depends on axioms: [propext, Classical.choice, Quot.sound]
'SMaj.shannon_six_of_split_hypothesis' depends on axioms: [propext, Classical.choice, Quot.sound]
'SMaj.mdeg_decr_eq_left' depends on axioms: [propext, Classical.choice, Quot.sound]
'SMaj.mdeg_decr_eq_right' depends on axioms: [propext, Classical.choice, Quot.sound]
'SMaj.mdeg_decr_eq_other' depends on axioms: [propext, Quot.sound]
'SMaj.sum_mdeg_decr' depends on axioms: [propext, Classical.choice, Quot.sound]
'SMaj.even_sum_mdeg' depends on axioms: [propext, Classical.choice, Quot.sound]
'SMaj.even_card_odd_mdeg' depends on axioms: [propext, Classical.choice, Quot.sound]
'SMaj.pairUnit_symm' depends on axioms: [propext, Classical.choice, Quot.sound]
'SMaj.pairUnit_loopless' depends on axioms: [propext, Quot.sound]
'SMaj.mdeg_pairUnit' depends on axioms: [propext, Classical.choice, Quot.sound]
'SMaj.exists_pairing' depends on axioms: [propext, Classical.choice, Quot.sound]
'SMaj.two_split_restrict' depends on axioms: [propext, Classical.choice, Quot.sound]
'SMaj.two_split_of_even_split_hypothesis' depends on axioms: [propext, Classical.choice, Quot.sound]
'SMaj.mdeg_add_indeg' depends on axioms: [propext, Quot.sound]
'SMaj.sum_dirUnit_row' depends on axioms: [propext, Classical.choice, Quot.sound]
'SMaj.sum_dirUnit_col' depends on axioms: [propext, Classical.choice, Quot.sound]
'SMaj.mdeg_add_dirUnit' depends on axioms: [propext, Classical.choice, Quot.sound]
'SMaj.indeg_add_dirUnit' depends on axioms: [propext, Classical.choice, Quot.sound]
'SMaj.pairUnit_comm' depends on axioms: [propext, Classical.choice, Quot.sound]
'SMaj.dirUnit_add_swap' depends on axioms: [propext, Quot.sound]
'SMaj.decr_add_pairUnit' depends on axioms: [propext, Quot.sound]
'SMaj.orient_core' depends on axioms: [propext, Classical.choice, Quot.sound]
'SMaj.exists_balanced_orientation' depends on axioms: [propext, Classical.choice, Quot.sound]
'SMaj.biMat_symm' depends on axioms: [propext, Quot.sound]
'SMaj.biMat_loopless' depends on axioms: [propext, Quot.sound]
'SMaj.mdeg_biMat_inl' depends on axioms: [propext, Classical.choice, Quot.sound]
'SMaj.mdeg_biMat_inr' depends on axioms: [propext, Classical.choice, Quot.sound]
'SMaj.exists_two_split_even' depends on axioms: [propext, Classical.choice, Quot.sound]
'SMaj.exists_two_split' depends on axioms: [propext, Classical.choice, Quot.sound]
'SMaj.shannon_six_of_maxDegree_four' depends on axioms: [propext, Classical.choice, Quot.sound]
'SMaj.card_div_fiber_le' depends on axioms: [propext, Classical.choice, Quot.sound]
'SMaj.exists_even_grouping' depends on axioms: [propext, Classical.choice, Quot.sound]
'SMaj.row_comm' depends on axioms: [propext, Classical.choice, Quot.sound]
'SMaj.nColor_comm' depends on axioms: [propext, Classical.choice, Quot.sound]
'SMaj.exists_other_neighbor' depends on axioms: [propext, Classical.choice, Quot.sound]
'SMaj.strongMajority_of_glue' depends on axioms: [propext, Classical.choice, Quot.sound]
'SMaj.maj_le_six_of_glue' depends on axioms: [propext, Classical.choice, Quot.sound]
'SMaj.famMatrix_symm' depends on axioms: [propext, Quot.sound]
'SMaj.famMatrix_diag' depends on axioms: [propext, Quot.sound]
'SMaj.mdeg_famMatrix' depends on axioms: [propext, Classical.choice, Quot.sound]
'SMaj.shannon_six_indexed' depends on axioms: [propext, Classical.choice, Quot.sound]
'SMaj.exists_cycle_distance2' depends on axioms: [propext, Quot.sound]
'SMaj.end_eq_start_of_saturated' depends on axioms: [propext, Classical.choice, Quot.sound]
'SMaj.three_le_length_of_closed' depends on axioms: [propext, Quot.sound]
'SMaj.exists_piece' depends on axioms: [propext, Classical.choice, Quot.sound]
'SMaj.IsPiece.three_le_length' depends on axioms: [propext, Classical.choice, Quot.sound]
'SMaj.IsPiece.saturated_of_degree_two' depends on axioms: [propext, Classical.choice, Quot.sound]
'SMaj.IsPiece.end_of_junction' depends on axioms: [propext, Classical.choice, Quot.sound]
'SMaj.edges_getElem' depends on axioms: [propext, Classical.choice, Quot.sound]
'SMaj.getVert_mem_internal' depends on axioms: [propext, Quot.sound]
'SMaj.IsPiece.eq_first_or_last' depends on axioms: [propext, Classical.choice, Quot.sound]
'SMaj.LinkStep.symm' depends on axioms: [propext, Classical.choice, Quot.sound]
'SMaj.Linked.refl' depends on axioms: [propext, Classical.choice, Quot.sound]
'SMaj.Linked.symm' depends on axioms: [propext, Classical.choice, Quot.sound]
'SMaj.Linked.trans' depends on axioms: [propext, Classical.choice, Quot.sound]
'SMaj.Linked.mem_edgeSet' depends on axioms: [propext, Classical.choice, Quot.sound]
'SMaj.IsPiece.mem_of_linked' depends on axioms: [propext, Classical.choice, Quot.sound]
'SMaj.IsPiece.linked_of_mem' depends on axioms: [propext, Classical.choice, Quot.sound]
'SMaj.IsPiece.mem_edges_iff_linked' depends on axioms: [propext, Classical.choice, Quot.sound]
'SMaj.IsPiece.mem_edges_iff' depends on axioms: [propext, Classical.choice, Quot.sound]
'SMaj.IsPiece.edges_toFinset_eq' depends on axioms: [propext, Classical.choice, Quot.sound]
'SMaj.eq_or_eq_of_mem_edges_degree_two' depends on axioms: [propext, Classical.choice, Quot.sound]
'SMaj.IsPiece.two_le_length_of_snd' depends on axioms: [propext, Classical.choice, Quot.sound]
'SMaj.IsPiece.two_le_length_of_penultimate' depends on axioms: [propext, Classical.choice, Quot.sound]
'SMaj.IsPiece.edges_one_eq' depends on axioms: [propext, Classical.choice, Quot.sound]
'SMaj.IsPiece.edges_length_sub_two_eq' depends on axioms: [propext, Classical.choice, Quot.sound]
'SMaj.IsPiece.other_edge_slot_of_chain' depends on axioms: [propext, Classical.choice, Quot.sound]
'SMaj.IsPiece.other_edge_slot_of_cycle' depends on axioms: [propext, Classical.choice, Quot.sound]
'SMaj.evenIx_fiber_le' depends on axioms: [propext, Classical.choice, Quot.sound]
'SMaj.groups_evenIx_le' depends on axioms: [propext, Classical.choice, Quot.sound]
'SMaj.evenIx_one_inj' depends on axioms: [propext, Classical.choice, Quot.sound]
'SMaj.glueIx_eq_junction' depends on axioms: [propext, Classical.choice, Quot.sound]
'SMaj.glueIx_eq_low' depends on axioms: [propext, Classical.choice, Quot.sound]
'SMaj.glueIx_fiber_le' depends on axioms: [propext, Classical.choice, Quot.sound]
'SMaj.groups_glueIx_le' depends on axioms: [propext, Classical.choice, Quot.sound]
'SMaj.glueIx_inj_low' depends on axioms: [propext, Classical.choice, Quot.sound]
'SMaj.glueIx_lt' depends on axioms: [propext, Classical.choice, Quot.sound]
'SMaj.Piece.chain_ends' depends on axioms: [propext, Classical.choice, Quot.sound]
'SMaj.Piece.cycle_spec' depends on axioms: [propext, Classical.choice, Quot.sound]
'SMaj.Piece.edges_length_pos' depends on axioms: [propext, Classical.choice, Quot.sound]
'SMaj.Piece.firstEdge_eq' depends on axioms: [propext, Classical.choice, Quot.sound]
'SMaj.Piece.lastEdge_eq' depends on axioms: [propext, Classical.choice, Quot.sound]
'SMaj.Piece.firstEdge_mem' depends on axioms: [propext, Classical.choice, Quot.sound]
'SMaj.Piece.lastEdge_mem' depends on axioms: [propext, Classical.choice, Quot.sound]
'SMaj.Piece.firstEdge_ne_lastEdge' depends on axioms: [propext, Classical.choice, Quot.sound]
'SMaj.Piece.a_ne_b_of_length_lt_three' depends on axioms: [propext, Classical.choice, Quot.sound]
'SMaj.exists_piece_through' depends on axioms: [propext, Classical.choice, Quot.sound]
'SMaj.classPiece_mem' depends on axioms: [propext, Classical.choice, Quot.sound]
'SMaj.classPiece_class_eq' depends on axioms: [propext, Classical.choice, Quot.sound]
'SMaj.out_mem_edgeSet' depends on axioms: [propext, Classical.choice, Quot.sound]
'SMaj.mem_pieceOf' depends on axioms: [propext, Classical.choice, Quot.sound]
'SMaj.pieceOf_eq_of_linked' depends on axioms: [propext, Classical.choice, Quot.sound]
'SMaj.pieceOf_eq_of_mem' depends on axioms: [propext, Classical.choice, Quot.sound]
'SMaj.pieceOf_port' depends on axioms: [propext, Classical.choice, Quot.sound]
'SMaj.nodeAt_eq_inl_iff' depends on axioms: [propext, Classical.choice, Quot.sound]
'SMaj.nodeAt_ne_inr' depends on axioms: [propext, Classical.choice, Quot.sound]
'SMaj.Piece.startNode_ne_endNode' depends on axioms: [propext, Classical.choice, Quot.sound]
'SMaj.mfam_not_isDiag' depends on axioms: [propext, Classical.choice, Quot.sound]
'SMaj.portEdge_mem' depends on axioms: [propext, Classical.choice, Quot.sound]
'SMaj.portEdge_spec' depends on axioms: [propext, Classical.choice, Quot.sound]
'SMaj.portEdge_inl_of_three_le' depends on axioms: [propext, Classical.choice, Quot.sound]
'SMaj.port_member_unique' depends on axioms: [propext, Classical.choice, Quot.sound]
'SMaj.mfam_count_junction' depends on axioms: [propext, Classical.choice, Quot.sound]
'SMaj.cls_eq_of_inr_mem' depends on axioms: [propext, Classical.choice, Quot.sound]
'SMaj.mfam_count_middle' depends on axioms: [propext, Classical.choice, Quot.sound]
'SMaj.member_port_start' depends on axioms: [propext, Classical.choice, Quot.sound]
'SMaj.member_port_end_long' depends on axioms: [propext, Classical.choice, Quot.sound]
'SMaj.member_port_end_short' depends on axioms: [propext, Classical.choice, Quot.sound]
'SMaj.exists_port_member' depends on axioms: [propext, Classical.choice, Quot.sound]
'SMaj.exists_member_coloring' depends on axioms: [propext, Classical.choice, Quot.sound]
'SMaj.idxOf_eq_of_getElem' depends on axioms: [propext, Classical.choice, Quot.sound]
'SMaj.Piece.three_le_length_of_cycle' depends on axioms: [propext, Classical.choice, Quot.sound]
'SMaj.Piece.cycle_slot' depends on axioms: [propext, Classical.choice, Quot.sound]
'SMaj.edgeClassOf_eq' depends on axioms: [propext, Classical.choice, Quot.sound]
'SMaj.col_inl_ne_inr' depends on axioms: [propext, Classical.choice, Quot.sound]
'SMaj.FxOf_card_le' depends on axioms: [propext, Classical.choice, Quot.sound]
'SMaj.FyOf_card_le' depends on axioms: [propext, Classical.choice, Quot.sound]
'SMaj.fillFun_isFill' depends on axioms: [propext, Classical.choice, Quot.sound]
'SMaj.cycleFun_spec' depends on axioms: [propext, Classical.choice, Quot.sound]
'SMaj.embed6_ne' depends on axioms: [propext, Quot.sound]
'SMaj.glueColor_eq_classColor' depends on axioms: [propext, Classical.choice, Quot.sound]
'SMaj.portColor_eq_portClassColor' depends on axioms: [propext, Classical.choice, Quot.sound]
'SMaj.idxOf_firstEdge' depends on axioms: [propext, Classical.choice, Quot.sound]
'SMaj.idxOf_lastEdge' depends on axioms: [propext, Classical.choice, Quot.sound]
'SMaj.classColor_of_short' depends on axioms: [propext, Classical.choice, Quot.sound]
'SMaj.classColor_of_fill' depends on axioms: [propext, Classical.choice, Quot.sound]
'SMaj.classColor_of_cycle' depends on axioms: [propext, Classical.choice, Quot.sound]
'SMaj.glueColor_firstEdge' depends on axioms: [propext, Classical.choice, Quot.sound]
'SMaj.glueColor_lastEdge_long' depends on axioms: [propext, Classical.choice, Quot.sound]
'SMaj.glueColor_lastEdge_short' depends on axioms: [propext, Classical.choice, Quot.sound]
'SMaj.portColor_firstEdge' depends on axioms: [propext, Classical.choice, Quot.sound]
'SMaj.portColor_lastEdge_long' depends on axioms: [propext, Classical.choice, Quot.sound]
'SMaj.portColor_lastEdge_short' depends on axioms: [propext, Classical.choice, Quot.sound]
'SMaj.glueColor_portEdge' depends on axioms: [propext, Classical.choice, Quot.sound]
'SMaj.portColor_portEdge' depends on axioms: [propext, Classical.choice, Quot.sound]
'SMaj.glueColor_eq_portColor' depends on axioms: [propext, Classical.choice, Quot.sound]
'SMaj.satSet_glueColor_eq' depends on axioms: [propext, Classical.choice, Quot.sound]
'SMaj.glueColor_rainbow' depends on axioms: [propext, Classical.choice, Quot.sound]
'SMaj.glueColor_chain_end' depends on axioms: [propext, Classical.choice, Quot.sound]
'SMaj.glueColor_interior' depends on axioms: [propext, Classical.choice, Quot.sound]
'SMaj.exists_isGlueColoring' depends on axioms: [propext, Classical.choice, Quot.sound]
'SMaj.maj_le_six' depends on axioms: [propext, Classical.choice, Quot.sound]
'SMaj.isRainbow_of_isRainbowOn_edgeFinset' depends on axioms: [propext, Classical.choice, Quot.sound]
'SMaj.exists_rainbowOn' depends on axioms: [propext, Classical.choice, Quot.sound]
'SMaj.rainbow_of_groupSizes_greedy' depends on axioms: [propext, Classical.choice, Quot.sound]
'SMaj.IsRainbow.comp' depends on axioms: [propext, Classical.choice, Quot.sound]
'SMaj.rainbow_of_groupSizes_le_two' depends on axioms: [propext, Classical.choice, Quot.sound]
'SMaj.strongMajority_greedy_of_crit' depends on axioms: [propext, Classical.choice, Quot.sound]
'SMaj.strongMajority_five_of_no24' depends on axioms: [propext, Classical.choice, Quot.sound]
