INDEPENDENT CRT VERIFICATION (clean-room layer 2) -- sun-46
== validation against ground truth (Sun's table / exact checker) ==
      q=2275695833098930373: match (lhs=670067681966041198, rhs=670067681966041198)
   sin n=17: V=-239 PROVED exact (bound 2^33, prod(q) 2^61, 1 primes, 0.2s)
      q=1433013856808600669: match (lhs=263110501219520397, rhs=263110501219520397)
   sin n=23: V=12145 PROVED exact (bound 2^50, prod(q) 2^61, 1 primes, 0.1s)
      q=1231227429214673477: match (lhs=496820584884276486, rhs=496820584884276486)
      q=2039208847695370177: match (lhs=1020994345318462340, rhs=1020994345318462340)
   sin n=29: V=1053859 PROVED exact (bound 2^68, prod(q) 2^121, 2 primes, 0.3s)
      q=2275695833098930373: match (lhs=6784, rhs=6784)
   csc n=17: V=6784 PROVED exact (bound 2^31, prod(q) 2^61, 1 primes, 0.2s)
      q=1433013856808600669: match (lhs=1433013856801506527, rhs=1433013856801506527)
   csc n=23: V=-7094142 PROVED exact (bound 2^48, prod(q) 2^61, 1 primes, 0.2s)
      q=1231227429214673477: match (lhs=1231227424407835173, rhs=1231227424407835173)
      q=2039208847695370177: match (lhs=2039208842888531873, rhs=2039208842888531873)
   csc n=29: V=-4806838304 PROVED exact (bound 2^67, prod(q) 2^121, 2 primes, 0.5s)

== claimed values (kill-certificate full_data) ==
      q=1669837774296656537: match (lhs=1244882302338741552, rhs=1244882302338741552)
      q=2069467439808178601: match (lhs=1164630404969626147, rhs=1164630404969626147)
   sin n=31: V=10542977 PROVED exact (bound 2^74, prod(q) 2^122, 2 primes, 0.3s)
      q=1714689832393882213: match (lhs=269873420963791899, rhs=269873420963791899)
      q=1783414142218286689: match (lhs=761341495759375900, rhs=761341495759375900)
   sin n=33: V=-1643895 PROVED exact (bound 2^81, prod(q) 2^122, 2 primes, 0.3s)
      q=1680840715646633521: match (lhs=195414388605530044, rhs=195414388605530044)
      q=1505516488246119581: match (lhs=1325743408000563186, rhs=1325743408000563186)
   sin n=35: V=334186125 PROVED exact (bound 2^87, prod(q) 2^121, 2 primes, 0.3s)
      q=1948894312550311241: match (lhs=1766413745582197264, rhs=1766413745582197264)
      q=1437791864512533193: match (lhs=816653789180933990, rhs=816653789180933990)
   sin n=37: V=1519663259 PROVED exact (bound 2^94, prod(q) 2^122, 2 primes, 0.3s)
      q=2178427455588656689: match (lhs=1532683319782113044, rhs=1532683319782113044)
      q=1698433728920075941: match (lhs=428028111264456258, rhs=428028111264456258)
   sin n=39: V=9154298673 PROVED exact (bound 2^100, prod(q) 2^122, 2 primes, 0.3s)
      q=1382617462801115257: match (lhs=596743917437357823, rhs=596743917437357823)
      q=1277479022668068421: match (lhs=329251675556668782, rhs=329251675556668782)
   sin n=41: V=5574476521 PROVED exact (bound 2^107, prod(q) 2^121, 2 primes, 0.3s)
      q=2148449410513450081: match (lhs=2136417724636950657, rhs=2136417724636950657)
      q=1876703726499173989: match (lhs=1504734466094262677, rhs=1504734466094262677)
   sin n=43: V=453435884081 PROVED exact (bound 2^114, prod(q) 2^122, 2 primes, 0.4s)
      q=2165867105458947481: match (lhs=425548822814083818, rhs=425548822814083818)
      q=1402863703702219981: match (lhs=1345029411086010735, rhs=1345029411086010735)
      q=1606668883440276421: match (lhs=1150941152739058698, rhs=1150941152739058698)
   sin n=45: V=696741294375 PROVED exact (bound 2^121, prod(q) 2^182, 3 primes, 0.6s)
      q=1928738188840581497: match (lhs=1375290437662872189, rhs=1375290437662872189)
      q=1619427194236631321: match (lhs=286132838241073341, rhs=286132838241073341)
      q=2006399032300689329: match (lhs=1461195510198213727, rhs=1461195510198213727)
   sin n=47: V=4570760060257 PROVED exact (bound 2^128, prod(q) 2^183, 3 primes, 1.0s)
      q=1697161046371732901: match (lhs=21547369996327, rhs=21547369996327)
      q=1339143447109094173: match (lhs=21547369996327, rhs=21547369996327)
      q=1497850641755859077: match (lhs=21547369996327, rhs=21547369996327)
   sin n=49: V=3078195713761 PROVED exact (bound 2^135, prod(q) 2^182, 3 primes, 1.5s)
      q=1520796237551411113: match (lhs=496471082090539018, rhs=496471082090539018)
      q=2083387827720512041: match (lhs=1736702445194345886, rhs=1736702445194345886)
      q=1575105958628519113: match (lhs=475538639844245103, rhs=475538639844245103)
   sin n=51: V=113109498706113 PROVED exact (bound 2^142, prod(q) 2^182, 3 primes, 2.0s)
      q=2277701161176715733: match (lhs=811618443526542398, rhs=811618443526542398)
      q=1646273171319321481: match (lhs=964226634993312985, rhs=964226634993312985)
      q=2017955499261759709: match (lhs=790125376526610485, rhs=790125376526610485)
   sin n=53: V=1540679755916971 PROVED exact (bound 2^149, prod(q) 2^183, 3 primes, 3.8s)
      q=2146648645685592401: match (lhs=1797109018945811239, rhs=1797109018945811239)
      q=2190969724273797281: match (lhs=466159223245123877, rhs=466159223245123877)
      q=1929856367834441861: match (lhs=501870624569963615, rhs=501870624569963615)
   sin n=55: V=9553828212328125 PROVED exact (bound 2^156, prod(q) 2^183, 3 primes, 7.4s)
      q=2101634493570739381: match (lhs=932184319894275001, rhs=932184319894275001)
      q=1357670242612819741: match (lhs=963270439381059328, rhs=963270439381059328)
      q=1588785516297105097: match (lhs=1017559980855689417, rhs=1017559980855689417)
   sin n=57: V=89237136634668369 PROVED exact (bound 2^163, prod(q) 2^182, 3 primes, 15.4s)
      q=1172032364502475961: match (lhs=431548989564730408, rhs=431548989564730408)
      q=1354776043997431933: match (lhs=709121768304370229, rhs=709121768304370229)
      q=1810620207010953073: match (lhs=1126710794757898573, rhs=1126710794757898573)
   sin n=59: V=493044351638203633 PROVED exact (bound 2^170, prod(q) 2^181, 3 primes, 28.3s)
      q=2300383204074494269: match (lhs=2039823209595144652, rhs=2039823209595144652)
      q=2121351231922239349: match (lhs=942531498753791525, rhs=942531498753791525)
      q=1550769397807518673: match (lhs=1183650885763524824, rhs=1183650885763524824)
   sin n=61: V=3864901746617921299 PROVED exact (bound 2^178, prod(q) 2^183, 3 primes, 49.5s)
      q=1999621535984585857: match (lhs=1136815816994871605, rhs=1136815816994871605)
      q=1578846222550789669: match (lhs=1427022295920507241, rhs=1427022295920507241)
      q=1453001789167647769: match (lhs=109488217973952578, rhs=109488217973952578)
      q=2218521785393954377: match (lhs=1113453259850292856, rhs=1113453259850292856)
   sin n=63: V=14357464732984700313 PROVED exact (bound 2^185, prod(q) 2^243, 4 primes, 114.5s)
      q=1917056973150277661: match (lhs=1566817814720357711, rhs=1566817814720357711)
      q=1618258604972202961: match (lhs=695151202436207593, rhs=695151202436207593)
      q=2185811146877878001: match (lhs=829574297329432396, rhs=829574297329432396)
      q=1508754543609529061: match (lhs=714758141981493422, rhs=714758141981493422)
   sin n=65: V=23595726326056828125 PROVED exact (bound 2^193, prod(q) 2^243, 4 primes, 661.3s)
      q=1669837774296656537: match (lhs=1669836255489786817, rhs=1669836255489786817)
      q=2069467439808178601: match (lhs=2069465921001308881, rhs=2069465921001308881)
   csc n=31: V=-1518806869720 PROVED exact (bound 2^73, prod(q) 2^122, 2 primes, 1.8s)
      q=1948894312550311241: match (lhs=43041655439377, rhs=43041655439377)
      q=1437791864512533193: match (lhs=43041655439377, rhs=43041655439377)
   csc n=37: V=43041655439377 PROVED exact (bound 2^94, prod(q) 2^122, 2 primes, 1.3s)
      q=1382617462801115257: match (lhs=88188655594502880, rhs=88188655594502880)
      q=1277479022668068421: match (lhs=88188655594502880, rhs=88188655594502880)
   csc n=41: V=88188655594502880 PROVED exact (bound 2^107, prod(q) 2^121, 2 primes, 1.4s)
      q=2148449410513450081: match (lhs=1371983736170797031, rhs=1371983736170797031)
      q=1876703726499173989: match (lhs=310517061714451318, rhs=310517061714451318)
   csc n=43: V=7817331967711147274 PROVED exact (bound 2^114, prod(q) 2^122, 2 primes, 1.8s)
      q=1928738188840581497: match (lhs=93481284404851946, rhs=93481284404851946)
      q=1619427194236631321: match (lhs=695864946147490679, rhs=695864946147490679)
      q=2006399032300689329: match (lhs=455256248893740486, rhs=455256248893740486)
   csc n=47: V=-208210243110377949730 PROVED exact (bound 2^129, prod(q) 2^183, 3 primes, 4.3s)
      q=2277701161176715733: match (lhs=677726097843432334, rhs=677726097843432334)
      q=1646273171319321481: match (lhs=167560584399180103, rhs=167560584399180103)
      q=2017955499261759709: match (lhs=545894240582376352, rhs=545894240582376352)
   csc n=53: V=1364915376262405923148317 PROVED exact (bound 2^151, prod(q) 2^183, 3 primes, 16.1s)
      q=1172032364502475961: match (lhs=1102075442306096481, rhs=1102075442306096481)
      q=1354776043997431933: match (lhs=743075169291359727, rhs=743075169291359727)
      q=1810620207010953073: match (lhs=766574798850685652, rhs=766574798850685652)
   csc n=59: V=7313054784852201235037895089487 PROVED exact (bound 2^174, prod(q) 2^181, 3 primes, 111.6s)
      q=2300383204074494269: match (lhs=805407846691280796, rhs=805407846691280796)
      q=2121351231922239349: match (lhs=349568495909464854, rhs=349568495909464854)
      q=1550769397807518673: match (lhs=413803486397372875, rhs=413803486397372875)
      q=1956253907749889053: match (lhs=228539512434637049, rhs=228539512434637049)
   csc n=61: V=-2904784276786469053142518062479 PROVED exact (bound 2^181, prod(q) 2^244, 4 primes, 308.2s)

OVERALL: ALL PROVED EXACT (1336s)
