GP(3,1): [1, 6, 6]
GP(4,1): [1, 8, 16, 8, 2]
GP(5,1): [1, 10, 30, 30, 10]
GP(5,2): [1, 10, 30, 30, 5]
GP(6,1): [1, 12, 48, 76, 48, 12, 2]
GP(6,2): [1, 12, 48, 74, 36]
GP(7,1): [1, 14, 70, 154, 154, 70, 14]
GP(7,2): [1, 14, 70, 154, 147, 49]
GP(7,3): [1, 14, 70, 154, 147, 49]
GP(8,1): [1, 16, 96, 272, 384, 272, 96, 16, 2]
GP(8,2): [1, 16, 96, 272, 378, 240, 52]
GP(8,3): [1, 16, 96, 272, 376, 240, 72, 16, 2]
GP(9,1): [1, 18, 126, 438, 810, 810, 438, 126, 18]
GP(9,2): [1, 18, 126, 438, 801, 747, 303, 27]
GP(9,3): [1, 18, 126, 435, 774, 675, 252, 36]
GP(9,4): [1, 18, 126, 438, 801, 747, 303, 27]
GP(10,1): [1, 20, 160, 660, 1520, 2004, 1520, 660, 160, 20, 2]
GP(10,2): [1, 20, 160, 660, 1510, 1912, 1240, 320, 5]
GP(10,3): [1, 20, 160, 660, 1510, 1924, 1320, 480, 115, 20, 2]
GP(10,4): [1, 20, 160, 660, 1510, 1922, 1300, 420, 50]
GP(11,1): [1, 22, 198, 946, 2618, 4334, 4334, 2618, 946, 198, 22]
GP(11,2): [1, 22, 198, 946, 2607, 4213, 3861, 1804, 319]
GP(11,3): [1, 22, 198, 946, 2607, 4224, 3949, 2024, 517, 55]
GP(11,4): [1, 22, 198, 946, 2607, 4224, 3949, 2024, 517, 55]
GP(11,5): [1, 22, 198, 946, 2607, 4213, 3861, 1804, 319]
GP(12,1): [1, 24, 240, 1304, 4224, 8472, 10672, 8472, 4224, 1304, 240, 24, 2]
GP(12,2): [1, 24, 240, 1304, 4212, 8316, 9918, 6756, 2292, 264]
GP(12,3): [1, 24, 240, 1304, 4215, 8364, 10198, 7512, 3276, 860, 162, 24, 2]
GP(12,4): [1, 24, 240, 1300, 4152, 7980, 9038, 5652, 1692, 168]
GP(12,5): [1, 24, 240, 1304, 4212, 8328, 10036, 7176, 2964, 752, 156, 24, 2]
GP(13,1): [1, 26, 286, 1742, 6474, 15314, 23478, 23478, 15314, 6474, 1742, 286, 26]
GP(13,2): [1, 26, 286, 1742, 6461, 15119, 22347, 20228, 10361, 2483, 143]
GP(13,3): [1, 26, 286, 1742, 6461, 15132, 22503, 20917, 11765, 3822, 663, 52]
GP(13,4): [1, 26, 286, 1742, 6461, 15132, 22503, 20917, 11765, 3822, 663, 52]
GP(13,5): [1, 26, 286, 1742, 6461, 15132, 22490, 20800, 11401, 3354, 416]
GP(13,6): [1, 26, 286, 1742, 6461, 15119, 22347, 20228, 10361, 2483, 143]
GP(14,1): [1, 28, 336, 2268, 9520, 26012, 47264, 57628, 47264, 26012, 9520, 2268, 336, 28, 2]
GP(14,2): [1, 28, 336, 2268, 9506, 25774, 45654, 52026, 36407, 14112, 2345, 42]
GP(14,3): [1, 28, 336, 2268, 9506, 25788, 45850, 53092, 39291, 18242, 5425, 1162, 210, 28, 2]
GP(14,4): [1, 28, 336, 2268, 9506, 25788, 45836, 52922, 38521, 16604, 3717, 308]
GP(14,5): [1, 28, 336, 2268, 9506, 25788, 45850, 53092, 39291, 18242, 5425, 1162, 210, 28, 2]
GP(14,6): [1, 28, 336, 2268, 9506, 25788, 45850, 53090, 39256, 18060, 5054, 840, 70]
